[2024-09-04 22:05:32,186] multiqc                                            [DEBUG  ]  This is MultiQC v1.18
[2024-09-04 22:05:32,187] multiqc                                            [DEBUG  ]  Loading config settings from: multiqc_config.yml
[2024-09-04 22:05:32,188] multiqc                                            [DEBUG  ]  New config: {'report_comment': 'This report has been generated by the <a href="https://github.com/nf-core/rnasplice/releases/tag/1.0.4" target="_blank">nf-core/rnasplice</a> analysis pipeline. For information about how to interpret these results, please see the <a href="https://nf-co.re/rnasplice/1.0.4/docs/output" target="_blank">documentation</a>.\n', 'report_section_order': {'nf-core-rnasplice-methods-description': {'order': -1000}, 'software_versions': {'order': -1001}, 'nf-core-rnasplice-summary': {'order': -1002}}, 'export_plots': True, 'top_modules': ['fail_trimmed_samples'], 'custom_data': {'fail_trimmed_samples': {'section_name': 'WARNING: Fail Trimming Check', 'description': "List of samples that failed the minimum trimmed reads threshold specified via the '--min_trimmed_reads' parameter. These samples have still be used downstream but should be examined further.", 'plot_type': 'table', 'pconfig': {'id': 'fail_trimmed_samples_table', 'table_title': 'Samples failed trimming threshold', 'namespace': 'Samples failed trimming threshold', 'format': '{:.0f}'}}}}
[2024-09-04 22:05:32,189] multiqc                                            [DEBUG  ]  Loading config settings from: multiqc_config.yml
[2024-09-04 22:05:32,189] multiqc                                            [DEBUG  ]  New config: {'report_comment': 'This report has been generated by the <a href="https://github.com/nf-core/rnasplice/releases/tag/1.0.4" target="_blank">nf-core/rnasplice</a> analysis pipeline. For information about how to interpret these results, please see the <a href="https://nf-co.re/rnasplice/1.0.4/docs/output" target="_blank">documentation</a>.\n', 'report_section_order': {'nf-core-rnasplice-methods-description': {'order': -1000}, 'software_versions': {'order': -1001}, 'nf-core-rnasplice-summary': {'order': -1002}}, 'export_plots': True, 'top_modules': ['fail_trimmed_samples'], 'custom_data': {'fail_trimmed_samples': {'section_name': 'WARNING: Fail Trimming Check', 'description': "List of samples that failed the minimum trimmed reads threshold specified via the '--min_trimmed_reads' parameter. These samples have still be used downstream but should be examined further.", 'plot_type': 'table', 'pconfig': {'id': 'fail_trimmed_samples_table', 'table_title': 'Samples failed trimming threshold', 'namespace': 'Samples failed trimming threshold', 'format': '{:.0f}'}}}}
[2024-09-04 22:05:32,189] multiqc                                            [DEBUG  ]  Command used: /usr/local/bin/multiqc --force --config multiqc_config.yml .
[2024-09-04 22:05:52,210] multiqc                                            [DEBUG  ]  Could not connect to multiqc.info for version check: <urlopen error [Errno -3] Temporary failure in name resolution>
[2024-09-04 22:05:52,210] multiqc                                            [DEBUG  ]  Working dir : /home/iweber/Documents/Backup_shared_folder/Pre-eclampsia_dataset_raw_and_processed/Pre_eclampsia_Nextflow_work_folder_rMATS/33/8c1d08fc42bbb41e712d2e3355ef02
[2024-09-04 22:05:52,210] multiqc                                            [DEBUG  ]  Template    : default
[2024-09-04 22:05:52,210] multiqc                                            [DEBUG  ]  Running Python 3.11.6 | packaged by conda-forge | (main, Oct  3 2023, 10:40:35) [GCC 12.3.0]
[2024-09-04 22:05:52,211] multiqc                                            [DEBUG  ]  Analysing modules: custom_content, ccs, ngsderive, purple, conpair, lima, peddy, somalier, methylQA, mosdepth, phantompeakqualtools, qualimap, preseq, hifiasm, quast, qorts, rna_seqc, rockhopper, rsem, rseqc, busco, bustools, goleft_indexcov, gffcompare, disambiguate, supernova, deeptools, sargasso, verifybamid, mirtrace, happy, mirtop, sambamba, gopeaks, homer, hops, macs2, theta2, snpeff, gatk, htseq, bcftools, featureCounts, fgbio, dragen, dragen_fastqc, dedup, pbmarkdup, damageprofiler, mapdamage, biobambam2, jcvi, mtnucratio, picard, vep, bakta, prokka, qc3C, nanostat, samblaster, samtools, sexdeterrmine, seqera_cli, eigenstratdatabasetools, bamtools, jellyfish, vcftools, longranger, stacks, varscan2, snippy, umitools, truvari, bbmap, bismark, biscuit, diamond, hicexplorer, hicup, hicpro, salmon, kallisto, slamdunk, star, hisat2, tophat, bowtie2, bowtie1, cellranger, snpsplit, odgi, pangolin, nextclade, freyja, humid, kat, leehom, librarian, adapterRemoval, bbduk, clipandmerge, cutadapt, flexbar, sourmash, kaiju, bracken, kraken, malt, motus, trimmomatic, sickle, skewer, sortmerna, biobloomtools, fastq_screen, afterqc, fastp, fastqc, filtlong, prinseqplusplus, pychopper, porechop, pycoqc, minionqc, anglerfish, multivcfanalyzer, clusterflow, checkqc, bcl2fastq, bclconvert, interop, ivar, flash, seqyclean, optitype, whatshap, xenome, xengsort
[2024-09-04 22:05:52,211] multiqc                                            [DEBUG  ]  Using temporary directory for creating report: /tmp/tmpm2ft1xja
[2024-09-04 22:05:52,215] multiqc                                            [INFO   ]  Search path : /home/iweber/Documents/Backup_shared_folder/Pre-eclampsia_dataset_raw_and_processed/Pre_eclampsia_Nextflow_work_folder_rMATS/33/8c1d08fc42bbb41e712d2e3355ef02
[2024-09-04 22:05:52,476] multiqc                                            [DEBUG  ]  Summary of files that were skipped by the search: [skipped_module_specific_max_filesize: 552] // [skipped_no_match: 88]
[2024-09-04 22:05:53,244] multiqc.plots.bargraph                             [DEBUG  ]  Using matplotlib version 3.8.1
[2024-09-04 22:05:53,246] multiqc.plots.linegraph                            [DEBUG  ]  Using matplotlib version 3.8.1
[2024-09-04 22:05:53,252] multiqc.modules.custom_content.custom_content      [INFO   ]  software_versions: Found 1 sample (html)
[2024-09-04 22:05:53,252] multiqc.modules.custom_content.custom_content      [INFO   ]  nf-core-rnasplice-summary: Found 1 sample (html)
[2024-09-04 22:05:53,252] multiqc.modules.custom_content.custom_content      [INFO   ]  nf-core-rnasplice-methods-description: Found 1 sample (html)
[2024-09-04 22:05:54,133] multiqc.modules.samtools.samtools                  [INFO   ]  Found 8 stats reports
[2024-09-04 22:05:54,136] multiqc.modules.samtools.samtools                  [INFO   ]  Found 8 flagstat reports
[2024-09-04 22:05:56,014] multiqc.modules.samtools.samtools                  [INFO   ]  Found 8 idxstats reports
[2024-09-04 22:05:56,020] multiqc.modules.salmon.salmon                      [INFO   ]  Found 8 meta reports
[2024-09-04 22:05:56,020] multiqc.modules.salmon.salmon                      [INFO   ]  Found 8 fragment length distributions
[2024-09-04 22:05:56,489] multiqc.modules.star.star                          [INFO   ]  Found 8 reports
[2024-09-04 22:05:57,195] multiqc.modules.cutadapt.cutadapt                  [INFO   ]  Found 16 reports
[2024-09-04 22:05:58,682] multiqc.modules.fastqc.fastqc                      [INFO   ]  Found 32 reports
[2024-09-04 22:06:02,903] multiqc.utils.software_versions                    [DEBUG  ]  Reading software versions from config.software_versions
[2024-09-04 22:06:02,904] multiqc                                            [DEBUG  ]  Reordering sections: anchor 'nf-core-rnasplice-methods-description' not found for module 'Samtools'.
[2024-09-04 22:06:02,905] multiqc                                            [DEBUG  ]  Reordering sections: anchor 'software_versions' not found for module 'Samtools'.
[2024-09-04 22:06:02,905] multiqc                                            [DEBUG  ]  Reordering sections: anchor 'nf-core-rnasplice-summary' not found for module 'Samtools'.
[2024-09-04 22:06:02,905] multiqc                                            [DEBUG  ]  Reordering sections: anchor 'nf-core-rnasplice-methods-description' not found for module 'Salmon'.
[2024-09-04 22:06:02,905] multiqc                                            [DEBUG  ]  Reordering sections: anchor 'software_versions' not found for module 'Salmon'.
[2024-09-04 22:06:02,905] multiqc                                            [DEBUG  ]  Reordering sections: anchor 'nf-core-rnasplice-summary' not found for module 'Salmon'.
[2024-09-04 22:06:02,905] multiqc                                            [DEBUG  ]  Reordering sections: anchor 'nf-core-rnasplice-methods-description' not found for module 'STAR'.
[2024-09-04 22:06:02,905] multiqc                                            [DEBUG  ]  Reordering sections: anchor 'software_versions' not found for module 'STAR'.
[2024-09-04 22:06:02,905] multiqc                                            [DEBUG  ]  Reordering sections: anchor 'nf-core-rnasplice-summary' not found for module 'STAR'.
[2024-09-04 22:06:02,905] multiqc                                            [DEBUG  ]  Reordering sections: anchor 'nf-core-rnasplice-methods-description' not found for module 'Cutadapt'.
[2024-09-04 22:06:02,905] multiqc                                            [DEBUG  ]  Reordering sections: anchor 'software_versions' not found for module 'Cutadapt'.
[2024-09-04 22:06:02,905] multiqc                                            [DEBUG  ]  Reordering sections: anchor 'nf-core-rnasplice-summary' not found for module 'Cutadapt'.
[2024-09-04 22:06:02,905] multiqc                                            [DEBUG  ]  Reordering sections: anchor 'nf-core-rnasplice-methods-description' not found for module 'FastQC'.
[2024-09-04 22:06:02,905] multiqc                                            [DEBUG  ]  Reordering sections: anchor 'software_versions' not found for module 'FastQC'.
[2024-09-04 22:06:02,905] multiqc                                            [DEBUG  ]  Reordering sections: anchor 'nf-core-rnasplice-summary' not found for module 'FastQC'.
[2024-09-04 22:06:02,905] multiqc                                            [DEBUG  ]  Reordering sections: anchor 'nf-core-rnasplice-methods-description' not found for module 'Software Versions'.
[2024-09-04 22:06:02,905] multiqc                                            [DEBUG  ]  Reordering sections: anchor 'software_versions' not found for module 'Software Versions'.
[2024-09-04 22:06:02,905] multiqc                                            [DEBUG  ]  Reordering sections: anchor 'nf-core-rnasplice-summary' not found for module 'Software Versions'.
[2024-09-04 22:06:02,905] multiqc                                            [DEBUG  ]  Reordering sections: anchor 'nf-core-rnasplice-methods-description' not found for module 'nf-core/rnasplice Methods Description'.
[2024-09-04 22:06:02,905] multiqc                                            [DEBUG  ]  Reordering sections: anchor 'software_versions' not found for module 'nf-core/rnasplice Methods Description'.
[2024-09-04 22:06:02,905] multiqc                                            [DEBUG  ]  Reordering sections: anchor 'nf-core-rnasplice-summary' not found for module 'nf-core/rnasplice Methods Description'.
[2024-09-04 22:06:02,905] multiqc                                            [DEBUG  ]  Reordering sections: anchor 'nf-core-rnasplice-methods-description' not found for module 'nf-core/rnasplice Software Versions'.
[2024-09-04 22:06:02,905] multiqc                                            [DEBUG  ]  Reordering sections: anchor 'software_versions' not found for module 'nf-core/rnasplice Software Versions'.
[2024-09-04 22:06:02,905] multiqc                                            [DEBUG  ]  Reordering sections: anchor 'nf-core-rnasplice-summary' not found for module 'nf-core/rnasplice Software Versions'.
[2024-09-04 22:06:02,905] multiqc                                            [DEBUG  ]  Reordering sections: anchor 'nf-core-rnasplice-methods-description' not found for module 'nf-core/rnasplice Workflow Summary'.
[2024-09-04 22:06:02,905] multiqc                                            [DEBUG  ]  Reordering sections: anchor 'software_versions' not found for module 'nf-core/rnasplice Workflow Summary'.
[2024-09-04 22:06:02,905] multiqc                                            [DEBUG  ]  Reordering sections: anchor 'nf-core-rnasplice-summary' not found for module 'nf-core/rnasplice Workflow Summary'.
[2024-09-04 22:06:02,931] multiqc                                            [DEBUG  ]  Compressing plot data
[2024-09-04 22:06:03,229] multiqc                                            [INFO   ]  Report      : multiqc_report.html
[2024-09-04 22:06:03,229] multiqc                                            [INFO   ]  Data        : multiqc_data
[2024-09-04 22:06:03,229] multiqc                                            [DEBUG  ]  Moving data file from '/tmp/tmpm2ft1xja/multiqc_data' to '/home/iweber/Documents/Backup_shared_folder/Pre-eclampsia_dataset_raw_and_processed/Pre_eclampsia_Nextflow_work_folder_rMATS/33/8c1d08fc42bbb41e712d2e3355ef02/multiqc_data'
[2024-09-04 22:06:03,233] multiqc                                            [DEBUG  ]  Full report path: /home/iweber/Documents/Backup_shared_folder/Pre-eclampsia_dataset_raw_and_processed/Pre_eclampsia_Nextflow_work_folder_rMATS/33/8c1d08fc42bbb41e712d2e3355ef02/multiqc_report.html
[2024-09-04 22:06:03,233] multiqc                                            [INFO   ]  Plots       : multiqc_plots
[2024-09-04 22:06:03,233] multiqc                                            [DEBUG  ]  Moving plots directory from '/tmp/tmpm2ft1xja/multiqc_plots' to '/home/iweber/Documents/Backup_shared_folder/Pre-eclampsia_dataset_raw_and_processed/Pre_eclampsia_Nextflow_work_folder_rMATS/33/8c1d08fc42bbb41e712d2e3355ef02/multiqc_plots'
[2024-09-04 22:06:03,297] multiqc                                            [INFO   ]  MultiQC complete
